<?xml version="1.0" encoding="UTF-8"?>
<testsuite xmlns:xsi="http://www.w3.org/2001/XMLSchema-instance" xsi:noNamespaceSchemaLocation="https://maven.apache.org/surefire/maven-surefire-plugin/xsd/surefire-test-report.xsd" name="com.example.demo.SpringProjectApplicationTests" time="5.199" tests="1" errors="0" skipped="0" failures="0">
  <properties>
    <property name="sun.desktop" value="windows"/>
    <property name="awt.toolkit" value="sun.awt.windows.WToolkit"/>
    <property name="file.encoding.pkg" value="sun.io"/>
    <property name="java.specification.version" value="1.8"/>
    <property name="sun.cpu.isalist" value="amd64"/>
    <property name="sun.jnu.encoding" value="Cp1252"/>
    <property name="java.class.path" value="D:\Test\DemoProject\SpringProject\target\test-classes;D:\Test\DemoProject\SpringProject\target\classes;D:\Test\DemoProject\SpringProject\${WORKSPACE}\.mvnrepository\org\springframework\boot\spring-boot-starter-security\2.5.3\spring-boot-starter-security-2.5.3.jar;D:\Test\DemoProject\SpringProject\${WORKSPACE}\.mvnrepository\org\springframework\boot\spring-boot-starter\2.5.3\spring-boot-starter-2.5.3.jar;D:\Test\DemoProject\SpringProject\${WORKSPACE}\.mvnrepository\org\springframework\boot\spring-boot\2.5.3\spring-boot-2.5.3.jar;D:\Test\DemoProject\SpringProject\${WORKSPACE}\.mvnrepository\org\springframework\boot\spring-boot-autoconfigure\2.5.3\spring-boot-autoconfigure-2.5.3.jar;D:\Test\DemoProject\SpringProject\${WORKSPACE}\.mvnrepository\org\springframework\boot\spring-boot-starter-logging\2.5.3\spring-boot-starter-logging-2.5.3.jar;D:\Test\DemoProject\SpringProject\${WORKSPACE}\.mvnrepository\ch\qos\logback\logback-classic\1.2.4\logback-classic-1.2.4.jar;D:\Test\DemoProject\SpringProject\${WORKSPACE}\.mvnrepository\ch\qos\logback\logback-core\1.2.4\logback-core-1.2.4.jar;D:\Test\DemoProject\SpringProject\${WORKSPACE}\.mvnrepository\org\apache\logging\log4j\log4j-to-slf4j\2.14.1\log4j-to-slf4j-2.14.1.jar;D:\Test\DemoProject\SpringProject\${WORKSPACE}\.mvnrepository\org\apache\logging\log4j\log4j-api\2.14.1\log4j-api-2.14.1.jar;D:\Test\DemoProject\SpringProject\${WORKSPACE}\.mvnrepository\org\slf4j\jul-to-slf4j\1.7.32\jul-to-slf4j-1.7.32.jar;D:\Test\DemoProject\SpringProject\${WORKSPACE}\.mvnrepository\jakarta\annotation\jakarta.annotation-api\1.3.5\jakarta.annotation-api-1.3.5.jar;D:\Test\DemoProject\SpringProject\${WORKSPACE}\.mvnrepository\org\yaml\snakeyaml\1.28\snakeyaml-1.28.jar;D:\Test\DemoProject\SpringProject\${WORKSPACE}\.mvnrepository\org\springframework\spring-aop\5.3.9\spring-aop-5.3.9.jar;D:\Test\DemoProject\SpringProject\${WORKSPACE}\.mvnrepository\org\springframework\spring-beans\5.3.9\spring-beans-5.3.9.jar;D:\Test\DemoProject\SpringProject\${WORKSPACE}\.mvnrepository\org\springframework\security\spring-security-config\5.5.1\spring-security-config-5.5.1.jar;D:\Test\DemoProject\SpringProject\${WORKSPACE}\.mvnrepository\org\springframework\spring-context\5.3.9\spring-context-5.3.9.jar;D:\Test\DemoProject\SpringProject\${WORKSPACE}\.mvnrepository\org\springframework\security\spring-security-web\5.5.1\spring-security-web-5.5.1.jar;D:\Test\DemoProject\SpringProject\${WORKSPACE}\.mvnrepository\org\springframework\spring-expression\5.3.9\spring-expression-5.3.9.jar;D:\Test\DemoProject\SpringProject\${WORKSPACE}\.mvnrepository\org\springframework\boot\spring-boot-starter-web\2.5.3\spring-boot-starter-web-2.5.3.jar;D:\Test\DemoProject\SpringProject\${WORKSPACE}\.mvnrepository\org\springframework\boot\spring-boot-starter-json\2.5.3\spring-boot-starter-json-2.5.3.jar;D:\Test\DemoProject\SpringProject\${WORKSPACE}\.mvnrepository\com\fasterxml\jackson\core\jackson-databind\2.12.4\jackson-databind-2.12.4.jar;D:\Test\DemoProject\SpringProject\${WORKSPACE}\.mvnrepository\com\fasterxml\jackson\core\jackson-annotations\2.12.4\jackson-annotations-2.12.4.jar;D:\Test\DemoProject\SpringProject\${WORKSPACE}\.mvnrepository\com\fasterxml\jackson\core\jackson-core\2.12.4\jackson-core-2.12.4.jar;D:\Test\DemoProject\SpringProject\${WORKSPACE}\.mvnrepository\com\fasterxml\jackson\datatype\jackson-datatype-jdk8\2.12.4\jackson-datatype-jdk8-2.12.4.jar;D:\Test\DemoProject\SpringProject\${WORKSPACE}\.mvnrepository\com\fasterxml\jackson\datatype\jackson-datatype-jsr310\2.12.4\jackson-datatype-jsr310-2.12.4.jar;D:\Test\DemoProject\SpringProject\${WORKSPACE}\.mvnrepository\com\fasterxml\jackson\module\jackson-module-parameter-names\2.12.4\jackson-module-parameter-names-2.12.4.jar;D:\Test\DemoProject\SpringProject\${WORKSPACE}\.mvnrepository\org\springframework\boot\spring-boot-starter-tomcat\2.5.3\spring-boot-starter-tomcat-2.5.3.jar;D:\Test\DemoProject\SpringProject\${WORKSPACE}\.mvnrepository\org\apache\tomcat\embed\tomcat-embed-core\9.0.50\tomcat-embed-core-9.0.50.jar;D:\Test\DemoProject\SpringProject\${WORKSPACE}\.mvnrepository\org\apache\tomcat\embed\tomcat-embed-el\9.0.50\tomcat-embed-el-9.0.50.jar;D:\Test\DemoProject\SpringProject\${WORKSPACE}\.mvnrepository\org\apache\tomcat\embed\tomcat-embed-websocket\9.0.50\tomcat-embed-websocket-9.0.50.jar;D:\Test\DemoProject\SpringProject\${WORKSPACE}\.mvnrepository\org\springframework\spring-web\5.3.9\spring-web-5.3.9.jar;D:\Test\DemoProject\SpringProject\${WORKSPACE}\.mvnrepository\org\springframework\spring-webmvc\5.3.9\spring-webmvc-5.3.9.jar;D:\Test\DemoProject\SpringProject\${WORKSPACE}\.mvnrepository\org\springframework\boot\spring-boot-starter-test\2.5.3\spring-boot-starter-test-2.5.3.jar;D:\Test\DemoProject\SpringProject\${WORKSPACE}\.mvnrepository\org\springframework\boot\spring-boot-test\2.5.3\spring-boot-test-2.5.3.jar;D:\Test\DemoProject\SpringProject\${WORKSPACE}\.mvnrepository\org\springframework\boot\spring-boot-test-autoconfigure\2.5.3\spring-boot-test-autoconfigure-2.5.3.jar;D:\Test\DemoProject\SpringProject\${WORKSPACE}\.mvnrepository\com\jayway\jsonpath\json-path\2.5.0\json-path-2.5.0.jar;D:\Test\DemoProject\SpringProject\${WORKSPACE}\.mvnrepository\net\minidev\json-smart\2.4.7\json-smart-2.4.7.jar;D:\Test\DemoProject\SpringProject\${WORKSPACE}\.mvnrepository\net\minidev\accessors-smart\2.4.7\accessors-smart-2.4.7.jar;D:\Test\DemoProject\SpringProject\${WORKSPACE}\.mvnrepository\org\ow2\asm\asm\9.1\asm-9.1.jar;D:\Test\DemoProject\SpringProject\${WORKSPACE}\.mvnrepository\org\slf4j\slf4j-api\1.7.32\slf4j-api-1.7.32.jar;D:\Test\DemoProject\SpringProject\${WORKSPACE}\.mvnrepository\jakarta\xml\bind\jakarta.xml.bind-api\2.3.3\jakarta.xml.bind-api-2.3.3.jar;D:\Test\DemoProject\SpringProject\${WORKSPACE}\.mvnrepository\jakarta\activation\jakarta.activation-api\1.2.2\jakarta.activation-api-1.2.2.jar;D:\Test\DemoProject\SpringProject\${WORKSPACE}\.mvnrepository\org\assertj\assertj-core\3.19.0\assertj-core-3.19.0.jar;D:\Test\DemoProject\SpringProject\${WORKSPACE}\.mvnrepository\org\hamcrest\hamcrest\2.2\hamcrest-2.2.jar;D:\Test\DemoProject\SpringProject\${WORKSPACE}\.mvnrepository\org\junit\jupiter\junit-jupiter\5.7.2\junit-jupiter-5.7.2.jar;D:\Test\DemoProject\SpringProject\${WORKSPACE}\.mvnrepository\org\junit\jupiter\junit-jupiter-api\5.7.2\junit-jupiter-api-5.7.2.jar;D:\Test\DemoProject\SpringProject\${WORKSPACE}\.mvnrepository\org\apiguardian\apiguardian-api\1.1.0\apiguardian-api-1.1.0.jar;D:\Test\DemoProject\SpringProject\${WORKSPACE}\.mvnrepository\org\opentest4j\opentest4j\1.2.0\opentest4j-1.2.0.jar;D:\Test\DemoProject\SpringProject\${WORKSPACE}\.mvnrepository\org\junit\platform\junit-platform-commons\1.7.2\junit-platform-commons-1.7.2.jar;D:\Test\DemoProject\SpringProject\${WORKSPACE}\.mvnrepository\org\junit\jupiter\junit-jupiter-params\5.7.2\junit-jupiter-params-5.7.2.jar;D:\Test\DemoProject\SpringProject\${WORKSPACE}\.mvnrepository\org\junit\jupiter\junit-jupiter-engine\5.7.2\junit-jupiter-engine-5.7.2.jar;D:\Test\DemoProject\SpringProject\${WORKSPACE}\.mvnrepository\org\junit\platform\junit-platform-engine\1.7.2\junit-platform-engine-1.7.2.jar;D:\Test\DemoProject\SpringProject\${WORKSPACE}\.mvnrepository\org\mockito\mockito-core\3.9.0\mockito-core-3.9.0.jar;D:\Test\DemoProject\SpringProject\${WORKSPACE}\.mvnrepository\net\bytebuddy\byte-buddy\1.10.22\byte-buddy-1.10.22.jar;D:\Test\DemoProject\SpringProject\${WORKSPACE}\.mvnrepository\net\bytebuddy\byte-buddy-agent\1.10.22\byte-buddy-agent-1.10.22.jar;D:\Test\DemoProject\SpringProject\${WORKSPACE}\.mvnrepository\org\objenesis\objenesis\3.2\objenesis-3.2.jar;D:\Test\DemoProject\SpringProject\${WORKSPACE}\.mvnrepository\org\mockito\mockito-junit-jupiter\3.9.0\mockito-junit-jupiter-3.9.0.jar;D:\Test\DemoProject\SpringProject\${WORKSPACE}\.mvnrepository\org\skyscreamer\jsonassert\1.5.0\jsonassert-1.5.0.jar;D:\Test\DemoProject\SpringProject\${WORKSPACE}\.mvnrepository\com\vaadin\external\google\android-json\0.0.20131108.vaadin1\android-json-0.0.20131108.vaadin1.jar;D:\Test\DemoProject\SpringProject\${WORKSPACE}\.mvnrepository\org\springframework\spring-core\5.3.9\spring-core-5.3.9.jar;D:\Test\DemoProject\SpringProject\${WORKSPACE}\.mvnrepository\org\springframework\spring-jcl\5.3.9\spring-jcl-5.3.9.jar;D:\Test\DemoProject\SpringProject\${WORKSPACE}\.mvnrepository\org\springframework\spring-test\5.3.9\spring-test-5.3.9.jar;D:\Test\DemoProject\SpringProject\${WORKSPACE}\.mvnrepository\org\xmlunit\xmlunit-core\2.8.2\xmlunit-core-2.8.2.jar;D:\Test\DemoProject\SpringProject\${WORKSPACE}\.mvnrepository\org\springframework\security\spring-security-test\5.5.1\spring-security-test-5.5.1.jar;D:\Test\DemoProject\SpringProject\${WORKSPACE}\.mvnrepository\org\springframework\security\spring-security-core\5.5.1\spring-security-core-5.5.1.jar;D:\Test\DemoProject\SpringProject\${WORKSPACE}\.mvnrepository\org\springframework\security\spring-security-crypto\5.5.1\spring-security-crypto-5.5.1.jar;"/>
    <property name="java.vm.vendor" value="Oracle Corporation"/>
    <property name="sun.arch.data.model" value="64"/>
    <property name="user.variant" value=""/>
    <property name="java.vendor.url" value="http://java.oracle.com/"/>
    <property name="user.timezone" value="Asia/Singapore"/>
    <property name="java.vm.specification.version" value="1.8"/>
    <property name="os.name" value="Windows 10"/>
    <property name="user.country" value="MY"/>
    <property name="sun.java.launcher" value="SUN_STANDARD"/>
    <property name="sun.boot.library.path" value="C:\Program Files\Java\jdk1.8.0_291\jre\bin"/>
    <property name="sun.java.command" value="C:\Users\User\AppData\Local\Temp\surefire5536108907300381160\surefirebooter7069154289618400124.jar C:\Users\User\AppData\Local\Temp\surefire5536108907300381160 2021-07-30T22-35-00_161-jvmRun1 surefire6647496116101457633tmp surefire_05626657440625046680tmp"/>
    <property name="surefire.test.class.path" value="D:\Test\DemoProject\SpringProject\target\test-classes;D:\Test\DemoProject\SpringProject\target\classes;D:\Test\DemoProject\SpringProject\${WORKSPACE}\.mvnrepository\org\springframework\boot\spring-boot-starter-security\2.5.3\spring-boot-starter-security-2.5.3.jar;D:\Test\DemoProject\SpringProject\${WORKSPACE}\.mvnrepository\org\springframework\boot\spring-boot-starter\2.5.3\spring-boot-starter-2.5.3.jar;D:\Test\DemoProject\SpringProject\${WORKSPACE}\.mvnrepository\org\springframework\boot\spring-boot\2.5.3\spring-boot-2.5.3.jar;D:\Test\DemoProject\SpringProject\${WORKSPACE}\.mvnrepository\org\springframework\boot\spring-boot-autoconfigure\2.5.3\spring-boot-autoconfigure-2.5.3.jar;D:\Test\DemoProject\SpringProject\${WORKSPACE}\.mvnrepository\org\springframework\boot\spring-boot-starter-logging\2.5.3\spring-boot-starter-logging-2.5.3.jar;D:\Test\DemoProject\SpringProject\${WORKSPACE}\.mvnrepository\ch\qos\logback\logback-classic\1.2.4\logback-classic-1.2.4.jar;D:\Test\DemoProject\SpringProject\${WORKSPACE}\.mvnrepository\ch\qos\logback\logback-core\1.2.4\logback-core-1.2.4.jar;D:\Test\DemoProject\SpringProject\${WORKSPACE}\.mvnrepository\org\apache\logging\log4j\log4j-to-slf4j\2.14.1\log4j-to-slf4j-2.14.1.jar;D:\Test\DemoProject\SpringProject\${WORKSPACE}\.mvnrepository\org\apache\logging\log4j\log4j-api\2.14.1\log4j-api-2.14.1.jar;D:\Test\DemoProject\SpringProject\${WORKSPACE}\.mvnrepository\org\slf4j\jul-to-slf4j\1.7.32\jul-to-slf4j-1.7.32.jar;D:\Test\DemoProject\SpringProject\${WORKSPACE}\.mvnrepository\jakarta\annotation\jakarta.annotation-api\1.3.5\jakarta.annotation-api-1.3.5.jar;D:\Test\DemoProject\SpringProject\${WORKSPACE}\.mvnrepository\org\yaml\snakeyaml\1.28\snakeyaml-1.28.jar;D:\Test\DemoProject\SpringProject\${WORKSPACE}\.mvnrepository\org\springframework\spring-aop\5.3.9\spring-aop-5.3.9.jar;D:\Test\DemoProject\SpringProject\${WORKSPACE}\.mvnrepository\org\springframework\spring-beans\5.3.9\spring-beans-5.3.9.jar;D:\Test\DemoProject\SpringProject\${WORKSPACE}\.mvnrepository\org\springframework\security\spring-security-config\5.5.1\spring-security-config-5.5.1.jar;D:\Test\DemoProject\SpringProject\${WORKSPACE}\.mvnrepository\org\springframework\spring-context\5.3.9\spring-context-5.3.9.jar;D:\Test\DemoProject\SpringProject\${WORKSPACE}\.mvnrepository\org\springframework\security\spring-security-web\5.5.1\spring-security-web-5.5.1.jar;D:\Test\DemoProject\SpringProject\${WORKSPACE}\.mvnrepository\org\springframework\spring-expression\5.3.9\spring-expression-5.3.9.jar;D:\Test\DemoProject\SpringProject\${WORKSPACE}\.mvnrepository\org\springframework\boot\spring-boot-starter-web\2.5.3\spring-boot-starter-web-2.5.3.jar;D:\Test\DemoProject\SpringProject\${WORKSPACE}\.mvnrepository\org\springframework\boot\spring-boot-starter-json\2.5.3\spring-boot-starter-json-2.5.3.jar;D:\Test\DemoProject\SpringProject\${WORKSPACE}\.mvnrepository\com\fasterxml\jackson\core\jackson-databind\2.12.4\jackson-databind-2.12.4.jar;D:\Test\DemoProject\SpringProject\${WORKSPACE}\.mvnrepository\com\fasterxml\jackson\core\jackson-annotations\2.12.4\jackson-annotations-2.12.4.jar;D:\Test\DemoProject\SpringProject\${WORKSPACE}\.mvnrepository\com\fasterxml\jackson\core\jackson-core\2.12.4\jackson-core-2.12.4.jar;D:\Test\DemoProject\SpringProject\${WORKSPACE}\.mvnrepository\com\fasterxml\jackson\datatype\jackson-datatype-jdk8\2.12.4\jackson-datatype-jdk8-2.12.4.jar;D:\Test\DemoProject\SpringProject\${WORKSPACE}\.mvnrepository\com\fasterxml\jackson\datatype\jackson-datatype-jsr310\2.12.4\jackson-datatype-jsr310-2.12.4.jar;D:\Test\DemoProject\SpringProject\${WORKSPACE}\.mvnrepository\com\fasterxml\jackson\module\jackson-module-parameter-names\2.12.4\jackson-module-parameter-names-2.12.4.jar;D:\Test\DemoProject\SpringProject\${WORKSPACE}\.mvnrepository\org\springframework\boot\spring-boot-starter-tomcat\2.5.3\spring-boot-starter-tomcat-2.5.3.jar;D:\Test\DemoProject\SpringProject\${WORKSPACE}\.mvnrepository\org\apache\tomcat\embed\tomcat-embed-core\9.0.50\tomcat-embed-core-9.0.50.jar;D:\Test\DemoProject\SpringProject\${WORKSPACE}\.mvnrepository\org\apache\tomcat\embed\tomcat-embed-el\9.0.50\tomcat-embed-el-9.0.50.jar;D:\Test\DemoProject\SpringProject\${WORKSPACE}\.mvnrepository\org\apache\tomcat\embed\tomcat-embed-websocket\9.0.50\tomcat-embed-websocket-9.0.50.jar;D:\Test\DemoProject\SpringProject\${WORKSPACE}\.mvnrepository\org\springframework\spring-web\5.3.9\spring-web-5.3.9.jar;D:\Test\DemoProject\SpringProject\${WORKSPACE}\.mvnrepository\org\springframework\spring-webmvc\5.3.9\spring-webmvc-5.3.9.jar;D:\Test\DemoProject\SpringProject\${WORKSPACE}\.mvnrepository\org\springframework\boot\spring-boot-starter-test\2.5.3\spring-boot-starter-test-2.5.3.jar;D:\Test\DemoProject\SpringProject\${WORKSPACE}\.mvnrepository\org\springframework\boot\spring-boot-test\2.5.3\spring-boot-test-2.5.3.jar;D:\Test\DemoProject\SpringProject\${WORKSPACE}\.mvnrepository\org\springframework\boot\spring-boot-test-autoconfigure\2.5.3\spring-boot-test-autoconfigure-2.5.3.jar;D:\Test\DemoProject\SpringProject\${WORKSPACE}\.mvnrepository\com\jayway\jsonpath\json-path\2.5.0\json-path-2.5.0.jar;D:\Test\DemoProject\SpringProject\${WORKSPACE}\.mvnrepository\net\minidev\json-smart\2.4.7\json-smart-2.4.7.jar;D:\Test\DemoProject\SpringProject\${WORKSPACE}\.mvnrepository\net\minidev\accessors-smart\2.4.7\accessors-smart-2.4.7.jar;D:\Test\DemoProject\SpringProject\${WORKSPACE}\.mvnrepository\org\ow2\asm\asm\9.1\asm-9.1.jar;D:\Test\DemoProject\SpringProject\${WORKSPACE}\.mvnrepository\org\slf4j\slf4j-api\1.7.32\slf4j-api-1.7.32.jar;D:\Test\DemoProject\SpringProject\${WORKSPACE}\.mvnrepository\jakarta\xml\bind\jakarta.xml.bind-api\2.3.3\jakarta.xml.bind-api-2.3.3.jar;D:\Test\DemoProject\SpringProject\${WORKSPACE}\.mvnrepository\jakarta\activation\jakarta.activation-api\1.2.2\jakarta.activation-api-1.2.2.jar;D:\Test\DemoProject\SpringProject\${WORKSPACE}\.mvnrepository\org\assertj\assertj-core\3.19.0\assertj-core-3.19.0.jar;D:\Test\DemoProject\SpringProject\${WORKSPACE}\.mvnrepository\org\hamcrest\hamcrest\2.2\hamcrest-2.2.jar;D:\Test\DemoProject\SpringProject\${WORKSPACE}\.mvnrepository\org\junit\jupiter\junit-jupiter\5.7.2\junit-jupiter-5.7.2.jar;D:\Test\DemoProject\SpringProject\${WORKSPACE}\.mvnrepository\org\junit\jupiter\junit-jupiter-api\5.7.2\junit-jupiter-api-5.7.2.jar;D:\Test\DemoProject\SpringProject\${WORKSPACE}\.mvnrepository\org\apiguardian\apiguardian-api\1.1.0\apiguardian-api-1.1.0.jar;D:\Test\DemoProject\SpringProject\${WORKSPACE}\.mvnrepository\org\opentest4j\opentest4j\1.2.0\opentest4j-1.2.0.jar;D:\Test\DemoProject\SpringProject\${WORKSPACE}\.mvnrepository\org\junit\platform\junit-platform-commons\1.7.2\junit-platform-commons-1.7.2.jar;D:\Test\DemoProject\SpringProject\${WORKSPACE}\.mvnrepository\org\junit\jupiter\junit-jupiter-params\5.7.2\junit-jupiter-params-5.7.2.jar;D:\Test\DemoProject\SpringProject\${WORKSPACE}\.mvnrepository\org\junit\jupiter\junit-jupiter-engine\5.7.2\junit-jupiter-engine-5.7.2.jar;D:\Test\DemoProject\SpringProject\${WORKSPACE}\.mvnrepository\org\junit\platform\junit-platform-engine\1.7.2\junit-platform-engine-1.7.2.jar;D:\Test\DemoProject\SpringProject\${WORKSPACE}\.mvnrepository\org\mockito\mockito-core\3.9.0\mockito-core-3.9.0.jar;D:\Test\DemoProject\SpringProject\${WORKSPACE}\.mvnrepository\net\bytebuddy\byte-buddy\1.10.22\byte-buddy-1.10.22.jar;D:\Test\DemoProject\SpringProject\${WORKSPACE}\.mvnrepository\net\bytebuddy\byte-buddy-agent\1.10.22\byte-buddy-agent-1.10.22.jar;D:\Test\DemoProject\SpringProject\${WORKSPACE}\.mvnrepository\org\objenesis\objenesis\3.2\objenesis-3.2.jar;D:\Test\DemoProject\SpringProject\${WORKSPACE}\.mvnrepository\org\mockito\mockito-junit-jupiter\3.9.0\mockito-junit-jupiter-3.9.0.jar;D:\Test\DemoProject\SpringProject\${WORKSPACE}\.mvnrepository\org\skyscreamer\jsonassert\1.5.0\jsonassert-1.5.0.jar;D:\Test\DemoProject\SpringProject\${WORKSPACE}\.mvnrepository\com\vaadin\external\google\android-json\0.0.20131108.vaadin1\android-json-0.0.20131108.vaadin1.jar;D:\Test\DemoProject\SpringProject\${WORKSPACE}\.mvnrepository\org\springframework\spring-core\5.3.9\spring-core-5.3.9.jar;D:\Test\DemoProject\SpringProject\${WORKSPACE}\.mvnrepository\org\springframework\spring-jcl\5.3.9\spring-jcl-5.3.9.jar;D:\Test\DemoProject\SpringProject\${WORKSPACE}\.mvnrepository\org\springframework\spring-test\5.3.9\spring-test-5.3.9.jar;D:\Test\DemoProject\SpringProject\${WORKSPACE}\.mvnrepository\org\xmlunit\xmlunit-core\2.8.2\xmlunit-core-2.8.2.jar;D:\Test\DemoProject\SpringProject\${WORKSPACE}\.mvnrepository\org\springframework\security\spring-security-test\5.5.1\spring-security-test-5.5.1.jar;D:\Test\DemoProject\SpringProject\${WORKSPACE}\.mvnrepository\org\springframework\security\spring-security-core\5.5.1\spring-security-core-5.5.1.jar;D:\Test\DemoProject\SpringProject\${WORKSPACE}\.mvnrepository\org\springframework\security\spring-security-crypto\5.5.1\spring-security-crypto-5.5.1.jar;"/>
    <property name="sun.cpu.endian" value="little"/>
    <property name="user.home" value="C:\Users\User"/>
    <property name="user.language" value="en"/>
    <property name="java.specification.vendor" value="Oracle Corporation"/>
    <property name="java.home" value="C:\Program Files\Java\jdk1.8.0_291\jre"/>
    <property name="basedir" value="D:\Test\DemoProject\SpringProject"/>
    <property name="file.separator" value="\"/>
    <property name="line.separator" value="&#10;"/>
    <property name="java.vm.specification.vendor" value="Oracle Corporation"/>
    <property name="java.specification.name" value="Java Platform API Specification"/>
    <property name="java.awt.graphicsenv" value="sun.awt.Win32GraphicsEnvironment"/>
    <property name="surefire.real.class.path" value="C:\Users\User\AppData\Local\Temp\surefire5536108907300381160\surefirebooter7069154289618400124.jar"/>
    <property name="sun.boot.class.path" value="C:\Program Files\Java\jdk1.8.0_291\jre\lib\resources.jar;C:\Program Files\Java\jdk1.8.0_291\jre\lib\rt.jar;C:\Program Files\Java\jdk1.8.0_291\jre\lib\sunrsasign.jar;C:\Program Files\Java\jdk1.8.0_291\jre\lib\jsse.jar;C:\Program Files\Java\jdk1.8.0_291\jre\lib\jce.jar;C:\Program Files\Java\jdk1.8.0_291\jre\lib\charsets.jar;C:\Program Files\Java\jdk1.8.0_291\jre\lib\jfr.jar;C:\Program Files\Java\jdk1.8.0_291\jre\classes"/>
    <property name="user.script" value=""/>
    <property name="sun.management.compiler" value="HotSpot 64-Bit Tiered Compilers"/>
    <property name="java.runtime.version" value="1.8.0_291-b10"/>
    <property name="user.name" value="User"/>
    <property name="path.separator" value=";"/>
    <property name="os.version" value="10.0"/>
    <property name="java.endorsed.dirs" value="C:\Program Files\Java\jdk1.8.0_291\jre\lib\endorsed"/>
    <property name="java.runtime.name" value="Java(TM) SE Runtime Environment"/>
    <property name="file.encoding" value="Cp1252"/>
    <property name="java.vm.name" value="Java HotSpot(TM) 64-Bit Server VM"/>
    <property name="localRepository" value="D:\Test\DemoProject\SpringProject\${WORKSPACE}\.mvnrepository"/>
    <property name="java.vendor.url.bug" value="http://bugreport.sun.com/bugreport/"/>
    <property name="java.io.tmpdir" value="C:\Users\User\AppData\Local\Temp\"/>
    <property name="java.version" value="1.8.0_291"/>
    <property name="user.dir" value="D:\Test\DemoProject\SpringProject"/>
    <property name="os.arch" value="amd64"/>
    <property name="java.vm.specification.name" value="Java Virtual Machine Specification"/>
    <property name="java.awt.printerjob" value="sun.awt.windows.WPrinterJob"/>
    <property name="sun.os.patch.level" value=""/>
    <property name="java.library.path" value="C:\Program Files\Java\jdk1.8.0_291\jre\bin;C:\windows\Sun\Java\bin;C:\windows\system32;C:\windows;C:/Program Files/Java/jre1.8.0_291/bin/server;C:/Program Files/Java/jre1.8.0_291/bin;C:/Program Files/Java/jre1.8.0_291/lib/amd64;C:\Program Files (x86)\Common Files\Oracle\Java\javapath;C:\windows\system32;C:\windows;C:\windows\System32\Wbem;C:\windows\System32\WindowsPowerShell\v1.0\;C:\windows\System32\OpenSSH\;C:\Program Files\Git\cmd;C:\Users\User\AppData\Local\Microsoft\WindowsApps;C:\Program Files\Java\jdk1.8.0_291\bin;D:\Software\Project-software\gradle-7.1.1\bin;;D:\Software\Project-software\spring-tool-suite-4-4.2.0.RELEASE-e4.11.0-win32.win32.x86_64\sts-4.2.0.RELEASE;;."/>
    <property name="java.vm.info" value="mixed mode"/>
    <property name="java.vendor" value="Oracle Corporation"/>
    <property name="java.vm.version" value="25.291-b10"/>
    <property name="java.ext.dirs" value="C:\Program Files\Java\jdk1.8.0_291\jre\lib\ext;C:\windows\Sun\Java\lib\ext"/>
    <property name="sun.io.unicode.encoding" value="UnicodeLittle"/>
    <property name="java.class.version" value="52.0"/>
  </properties>
  <testcase name="contextLoads" classname="com.example.demo.SpringProjectApplicationTests" time="0.37"/>
</testsuite>